[2014-03-16T14:45:42.762179] <RSChiang> pong
[2014-03-16T14:46:27.496550] <RSChiang> Pinging #sitcon: 4 data bytes
[2014-03-16T14:46:47.571313] <RSChiang> 4 bytes from RSChiang: time=2s
[2014-03-16T14:47:12.963496] <RSChiang> 1 packet transmitted, 1 packets received, 0% packet loss
[2014-03-16T14:47:29.400085] <RSChiang> round-trip min/avg/max/stddev = 2/2/2/2 s
[2014-03-16T14:45:42.762179] <RSChiang> pong
[2014-03-16T14:46:27.496550] <RSChiang> Pinging #sitcon: 4 data bytes
[2014-03-16T14:46:47.571313] <RSChiang> 4 bytes from RSChiang: time=2s
[2014-03-16T14:47:12.963496] <RSChiang> 1 packet transmitted, 1 packets received, 0% packet loss
[2014-03-16T14:47:29.400085] <RSChiang> round-trip min/avg/max/stddev = 2/2/2/2 s
[2014-03-16T14:52:18.945338] <Davy_CC> 咦XD
[2014-03-16T14:53:51.417489] <Davy_CC> RSChiang: ping
[2014-03-16T14:53:51.758477] <CandyTan> 剛吃飽，休息一下...
[2014-03-16T14:54:04.365749] <RSChiang> Davy_CC: dong
[2014-03-16T14:54:31.372787] <Davy_CC> RSChiang: ding
[2014-03-16T14:54:34.829377] <RSChiang> LimeChat 好好用(・ω・)ノ
[2014-03-16T14:54:47.944434] <Davy_CC> OAO
[2014-03-16T14:54:53.166911] <Davy_CC> CandyTan: ding
[2014-03-16T14:54:53.489518] <CandyTan> Davy_CC: dong
[2014-03-16T14:55:07.298698] <freetsubasa> CandyTan: ping
[2014-03-16T14:55:07.620829] <CandyTan> freetsubasa: pong
[2014-03-16T14:55:11.598865] <RSChiang> CandyTan: ding'; DROP TABLE --
