[2014-02-25T17:22:12.927120] <RSChiang> 其實 #sitcon channel跟 #coscup #hitcon 都通常是年會期間使用的XD
[2014-02-25T17:22:46.674650] <RSChiang> 只是最近<s>裝了新的IRC client</s>想說活躍一下頻道
[2014-02-25T17:23:46.979484] <aitjcize> 你用哪套？
[2014-02-25T17:23:50.507535] <aitjcize> 我都用 quassel
[2014-02-25T17:22:12.927120] <RSChiang> 其實 #sitcon channel跟 #coscup #hitcon 都通常是年會期間使用的XD
[2014-02-25T17:22:46.674650] <RSChiang> 只是最近<s>裝了新的IRC client</s>想說活躍一下頻道
[2014-02-25T17:23:46.979484] <aitjcize> 你用哪套？
[2014-02-25T17:23:50.507535] <aitjcize> 我都用 quassel
[2014-02-25T17:22:12.927120] <RSChiang> 其實 #sitcon channel跟 #coscup #hitcon 都通常是年會期間使用的XD
[2014-02-25T17:22:46.674650] <RSChiang> 只是最近<s>裝了新的IRC client</s>想說活躍一下頻道
[2014-02-25T17:23:46.979484] <aitjcize> 你用哪套？
[2014-02-25T17:23:50.507535] <aitjcize> 我都用 quassel
[2014-02-25T17:22:12.927120] <RSChiang> 其實 #sitcon channel跟 #coscup #hitcon 都通常是年會期間使用的XD
[2014-02-25T17:22:46.674650] <RSChiang> 只是最近<s>裝了新的IRC client</s>想說活躍一下頻道
[2014-02-25T17:23:46.979484] <aitjcize> 你用哪套？
[2014-02-25T17:23:50.507535] <aitjcize> 我都用 quassel
[2014-02-25T17:41:09.603839] <RSChiang> aitjcize: 我用 LimeChat XD
[2014-02-25T17:41:19.127225] <aitjcize> (Y)
[2014-02-25T17:41:26.676538] <RSChiang> 之前都用網頁版，最近突然想裝native client
[2014-02-25T17:41:44.319361] <RSChiang> 然後Irssi有點醜醜的就找到了開源好物(?)
[2014-02-25T17:22:12.927120] <RSChiang> 其實 #sitcon channel跟 #coscup #hitcon 都通常是年會期間使用的XD
[2014-02-25T17:22:46.674650] <RSChiang> 只是最近<s>裝了新的IRC client</s>想說活躍一下頻道
[2014-02-25T17:23:46.979484] <aitjcize> 你用哪套？
[2014-02-25T17:23:50.507535] <aitjcize> 我都用 quassel
[2014-02-25T17:41:09.603839] <RSChiang> aitjcize: 我用 LimeChat XD
[2014-02-25T17:41:19.127225] <aitjcize> (Y)
[2014-02-25T17:41:26.676538] <RSChiang> 之前都用網頁版，最近突然想裝native client
[2014-02-25T17:41:44.319361] <RSChiang> 然後Irssi有點醜醜的就找到了開源好物(?)
