[
    {
        "text": "哈囉各位，SITCON明天就要報名囉♪( ´▽｀)", 
        "user": "RSChiang_", 
        "time": "2014-02-23T13:08:03.637739"
    }, 
    {
        "text": "今年的報名機制，只要按下「立刻報名」之後就算是搶到票了，後面的問卷就可以慢慢填寫囉！", 
        "user": "RSChiang_", 
        "time": "2014-02-23T13:08:21.775195"
    }, 
    {
        "text": "趕快趁今晚檢查好你的3C配備和網路，免得明天出了任何問題導致搶不到票噢XD", 
        "user": "RSChiang", 
        "time": "2014-02-23T13:09:38.002005"
    }
][
    {
        "text": "呵呵好開心owo)/", 
        "user": "RSChiang", 
        "time": "2014-02-23T13:15:25.595146"
    }, 
    {
        "text": "DennyHuang: 丹丹好黑 #超黑 #hacker", 
        "user": "RSChiang", 
        "time": "2014-02-23T13:15:49.408066"
    }
]